\BOOKMARK [0][-]{chapter.1}{General License Definitions}{}% 1
\BOOKMARK [0][-]{chapter.2}{Authors}{}% 2
\BOOKMARK [1][-]{section.2.1}{Project Initiator and Manager}{chapter.2}% 3
\BOOKMARK [1][-]{section.2.2}{Major Developer}{chapter.2}% 4
\BOOKMARK [1][-]{section.2.3}{Project Members}{chapter.2}% 5
\BOOKMARK [0][-]{chapter.3}{X2R-ME License}{}% 6
\BOOKMARK [0][-]{chapter.4}{Concept and Design}{}% 7
\BOOKMARK [1][-]{section.4.1}{Motivation}{chapter.4}% 8
\BOOKMARK [1][-]{section.4.2}{Features}{chapter.4}% 9
\BOOKMARK [1][-]{section.4.3}{Design}{chapter.4}% 10
\BOOKMARK [0][-]{chapter.5}{User's Guide}{}% 11
\BOOKMARK [1][-]{section.5.1}{User Guide}{chapter.5}% 12
\BOOKMARK [0][-]{chapter.6}{Developer's Guide}{}% 13
\BOOKMARK [1][-]{section.6.1}{Coding Style}{chapter.6}% 14
\BOOKMARK [1][-]{section.6.2}{Documentation}{chapter.6}% 15
\BOOKMARK [1][-]{section.6.3}{Testing}{chapter.6}% 16
\BOOKMARK [0][-]{chapter.7}{API Reference}{}% 17
\BOOKMARK [1][-]{section.7.1}{Web API}{chapter.7}% 18
\BOOKMARK [1][-]{section.7.2}{Python API}{chapter.7}% 19
\BOOKMARK [0][-]{section*.29}{HTTP Routing Table}{}% 20
\BOOKMARK [0][-]{section*.30}{Index}{}% 21
